e:\jimmi\mupen64plus-input-sdl\projects\msvc\x64\release\vc145.pdb
e:\jimmi\mupen64plus-input-sdl\projects\msvc\x64\release\sdl_key_converter.obj
e:\jimmi\mupen64plus-input-sdl\projects\msvc\x64\release\plugin.obj
e:\jimmi\mupen64plus-input-sdl\projects\msvc\x64\release\osal_dynamiclib_win32.obj
e:\jimmi\mupen64plus-input-sdl\projects\msvc\x64\release\config.obj
e:\jimmi\mupen64plus-input-sdl\projects\msvc\x64\release\autoconfig.obj
e:\jimmi\mupen64plus-ui-console\projects\msvc\x64\release\mupen64plus-input-sdl.dll
e:\jimmi\mupen64plus-ui-console\projects\msvc\x64\release\mupen64plus-input-sdl.pdb
e:\jimmi\mupen64plus-ui-console\projects\msvc\x64\release\mupen64plus-input-sdl.lib
e:\jimmi\mupen64plus-ui-console\projects\msvc\x64\release\mupen64plus-input-sdl.exp
e:\jimmi\mupen64plus-input-sdl\projects\msvc\x64\release\mupen64plus-input-sdl.ipdb
e:\jimmi\mupen64plus-input-sdl\projects\msvc\x64\release\mupen64plus-input-sdl.iobj
e:\jimmi\mupen64plus-input-sdl\projects\msvc\x64\release\mupen64p.7f3178d0.tlog\cl.command.1.tlog
e:\jimmi\mupen64plus-input-sdl\projects\msvc\x64\release\mupen64p.7f3178d0.tlog\cl.items.tlog
e:\jimmi\mupen64plus-input-sdl\projects\msvc\x64\release\mupen64p.7f3178d0.tlog\cl.read.1.tlog
e:\jimmi\mupen64plus-input-sdl\projects\msvc\x64\release\mupen64p.7f3178d0.tlog\cl.write.1.tlog
e:\jimmi\mupen64plus-input-sdl\projects\msvc\x64\release\mupen64p.7f3178d0.tlog\link.command.1.tlog
e:\jimmi\mupen64plus-input-sdl\projects\msvc\x64\release\mupen64p.7f3178d0.tlog\link.read.1.tlog
e:\jimmi\mupen64plus-input-sdl\projects\msvc\x64\release\mupen64p.7f3178d0.tlog\link.secondary.1.tlog
e:\jimmi\mupen64plus-input-sdl\projects\msvc\x64\release\mupen64p.7f3178d0.tlog\link.write.1.tlog
